file /home/mthomas/PROJECTS/dns-archiver/SConstruct,line 7:
	Configure(confdir = .sconf_temp)
scons: Configure: Checking for C header file ldns/ldns.h... 
scons: Configure: ".sconf_temp/conftest_0.c" is up to date.
scons: Configure: The original builder output was:
  |.sconf_temp/conftest_0.c <-
  |  |
  |  |#include "ldns/ldns.h"
  |  |
  |  |
  |
scons: Configure: ".sconf_temp/conftest_0.o" is up to date.
scons: Configure: The original builder output was:
  |gcc -o .sconf_temp/conftest_0.o -c .sconf_temp/conftest_0.c
  |
scons: Configure: (cached) yes

scons: Configure: Checking for C header file pcap.h... 
scons: Configure: ".sconf_temp/conftest_1.c" is up to date.
scons: Configure: The original builder output was:
  |.sconf_temp/conftest_1.c <-
  |  |
  |  |#include "pcap.h"
  |  |
  |  |
  |
scons: Configure: ".sconf_temp/conftest_1.o" is up to date.
scons: Configure: The original builder output was:
  |gcc -o .sconf_temp/conftest_1.o -c .sconf_temp/conftest_1.c
  |
scons: Configure: (cached) yes

scons: Configure: Checking for C header file event.h... 
scons: Configure: ".sconf_temp/conftest_2.c" is up to date.
scons: Configure: The original builder output was:
  |.sconf_temp/conftest_2.c <-
  |  |
  |  |#include "event.h"
  |  |
  |  |
  |
scons: Configure: ".sconf_temp/conftest_2.o" is up to date.
scons: Configure: The original builder output was:
  |gcc -o .sconf_temp/conftest_2.o -c .sconf_temp/conftest_2.c
  |
scons: Configure: (cached) yes

scons: Configure: Checking for C library pcap... 
scons: Configure: ".sconf_temp/conftest_3.c" is up to date.
scons: Configure: The original builder output was:
  |.sconf_temp/conftest_3.c <-
  |  |
  |  |
  |  |
  |  |int
  |  |main() {
  |  |  
  |  |return 0;
  |  |}
  |  |
  |
scons: Configure: ".sconf_temp/conftest_3.o" is up to date.
scons: Configure: The original builder output was:
  |gcc -o .sconf_temp/conftest_3.o -c .sconf_temp/conftest_3.c
  |
scons: Configure: ".sconf_temp/conftest_3" is up to date.
scons: Configure: The original builder output was:
  |gcc -o .sconf_temp/conftest_3 .sconf_temp/conftest_3.o -lpcap
  |
scons: Configure: (cached) yes

scons: Configure: Checking for C library ldns... 
scons: Configure: ".sconf_temp/conftest_4.c" is up to date.
scons: Configure: The original builder output was:
  |.sconf_temp/conftest_4.c <-
  |  |
  |  |
  |  |
  |  |int
  |  |main() {
  |  |  
  |  |return 0;
  |  |}
  |  |
  |
scons: Configure: ".sconf_temp/conftest_4.o" is up to date.
scons: Configure: The original builder output was:
  |gcc -o .sconf_temp/conftest_4.o -c .sconf_temp/conftest_4.c
  |
scons: Configure: ".sconf_temp/conftest_4" is up to date.
scons: Configure: The original builder output was:
  |gcc -o .sconf_temp/conftest_4 .sconf_temp/conftest_4.o -lpcap -lldns
  |
scons: Configure: (cached) yes

scons: Configure: Checking for C library event... 
scons: Configure: ".sconf_temp/conftest_5.c" is up to date.
scons: Configure: The original builder output was:
  |.sconf_temp/conftest_5.c <-
  |  |
  |  |
  |  |
  |  |int
  |  |main() {
  |  |  
  |  |return 0;
  |  |}
  |  |
  |
scons: Configure: ".sconf_temp/conftest_5.o" is up to date.
scons: Configure: The original builder output was:
  |gcc -o .sconf_temp/conftest_5.o -c .sconf_temp/conftest_5.c
  |
scons: Configure: ".sconf_temp/conftest_5" is up to date.
scons: Configure: The original builder output was:
  |gcc -o .sconf_temp/conftest_5 .sconf_temp/conftest_5.o -lpcap -lldns -levent
  |
scons: Configure: (cached) yes

scons: Configure: Checking for C function g_ptr_array_new_with_free_func()... 
scons: Configure: ".sconf_temp/conftest_6.c" is up to date.
scons: Configure: The original builder output was:
  |.sconf_temp/conftest_6.c <-
  |  |
  |  |
  |  |#include <assert.h>
  |  |
  |  |#ifdef __cplusplus
  |  |extern "C"
  |  |#endif
  |  |char g_ptr_array_new_with_free_func();
  |  |
  |  |int main() {
  |  |#if defined (__stub_g_ptr_array_new_with_free_func) || defined (__stub___g_ptr_array_new_with_free_func)
  |  |  fail fail fail
  |  |#else
  |  |  g_ptr_array_new_with_free_func();
  |  |#endif
  |  |
  |  |  return 0;
  |  |}
  |  |
  |
scons: Configure: ".sconf_temp/conftest_6.o" is up to date.
scons: Configure: The original builder output was:
  |gcc -o .sconf_temp/conftest_6.o -c -I/usr/include/glib-2.0 -I/usr/lib/glib-2.0/include .sconf_temp/conftest_6.c
  |
scons: Configure: ".sconf_temp/conftest_6" is up to date.
scons: Configure: The original builder output was:
  |gcc -o .sconf_temp/conftest_6 .sconf_temp/conftest_6.o -lpcap -lldns -levent -lglib-2.0
  |
scons: Configure: (cached) yes

